c:\users\lautaro\source\repos\tiendacpp\tiendacpp\x64\debug\vc143.pdb
c:\users\lautaro\source\repos\tiendacpp\tiendacpp\x64\debug\vc143.idb
c:\users\lautaro\source\repos\tiendacpp\tiendacpp\x64\debug\tiendacpp.obj
c:\users\lautaro\source\repos\tiendacpp\tiendacpp\x64\debug\settingswindowcontroller.obj
c:\users\lautaro\source\repos\tiendacpp\tiendacpp\x64\debug\quotewindowcontroller.obj
c:\users\lautaro\source\repos\tiendacpp\tiendacpp\x64\debug\quoteshistorywindowcontroller.obj
c:\users\lautaro\source\repos\tiendacpp\tiendacpp\x64\debug\mainwindowcontroller.obj
c:\users\lautaro\source\repos\tiendacpp\tiendacpp\x64\debug\windowcontroller.obj
c:\users\lautaro\source\repos\tiendacpp\tiendacpp\x64\debug\main.obj
c:\users\lautaro\source\repos\tiendacpp\tiendacpp\x64\debug\store.obj
c:\users\lautaro\source\repos\tiendacpp\tiendacpp\x64\debug\seller.obj
c:\users\lautaro\source\repos\tiendacpp\tiendacpp\x64\debug\quotation.obj
c:\users\lautaro\source\repos\tiendacpp\tiendacpp\x64\debug\garment.obj
c:\users\lautaro\source\repos\tiendacpp\tiendacpp\x64\debug\shirt.obj
c:\users\lautaro\source\repos\tiendacpp\tiendacpp\x64\debug\pants.obj
c:\users\lautaro\source\repos\tiendacpp\tiendacpp\x64\debug\utils.obj
c:\users\lautaro\source\repos\tiendacpp\tiendacpp\x64\debug\partner.obj
c:\users\lautaro\source\repos\tiendacpp\tiendacpp\x64\debug\parternvip.obj
c:\users\lautaro\source\repos\tiendacpp\tiendacpp\x64\debug\loan.obj
c:\users\lautaro\source\repos\tiendacpp\tiendacpp\x64\debug\exemplary.obj
c:\users\lautaro\source\repos\tiendacpp\tiendacpp\x64\debug\book.obj
c:\users\lautaro\source\repos\tiendacpp\tiendacpp\x64\debug\dbmodelitem.obj
c:\users\lautaro\source\repos\tiendacpp\tiendacpp\x64\debug\dblist.obj
c:\users\lautaro\source\repos\tiendacpp\tiendacpp\x64\debug\dbtableexample.obj
c:\users\lautaro\source\repos\tiendacpp\tiendacpp\x64\debug\dbtable.obj
c:\users\lautaro\source\repos\tiendacpp\tiendacpp\x64\debug\partnerfactory.obj
c:\users\lautaro\source\repos\tiendacpp\tiendacpp\x64\debug\bookfactory.obj
c:\users\lautaro\source\repos\tiendacpp\tiendacpp\x64\debug\exemplaryfactory.obj
c:\users\lautaro\source\repos\tiendacpp\tiendacpp\x64\debug\dbcontextlibrary.obj
c:\users\lautaro\source\repos\tiendacpp\tiendacpp\x64\debug\loanfactory.obj
c:\users\lautaro\source\repos\tiendacpp\tiendacpp\x64\debug\adminbookswindowcontroller.obj
c:\users\lautaro\source\repos\tiendacpp\tiendacpp\x64\debug\utilsui.obj
c:\users\lautaro\source\repos\tiendacpp\tiendacpp\x64\debug\adminexemplarieswindowcontroller.obj
c:\users\lautaro\source\repos\tiendacpp\tiendacpp\x64\debug\adminpartnerswindowcontroller.obj
c:\users\lautaro\source\repos\tiendacpp\tiendacpp\x64\debug\adminloanswindowcontroller.obj
c:\users\lautaro\source\repos\tiendacpp\tiendacpp\x64\debug\loanhistorywindowcontroller.obj
c:\users\lautaro\source\repos\tiendacpp\x64\debug\tiendacpp.exe
c:\users\lautaro\source\repos\tiendacpp\tiendacpp\x64\debug\tiendacpp.ilk
c:\users\lautaro\source\repos\tiendacpp\x64\debug\tiendacpp.pdb
c:\users\lautaro\source\repos\tiendacpp\tiendacpp\x64\debug\tiendacpp.res
c:\users\lautaro\source\repos\tiendacpp\tiendacpp\x64\debug\bookfactory.obj.enc
c:\users\lautaro\source\repos\tiendacpp\tiendacpp\x64\debug\dbcontextlibrary.obj.enc
c:\users\lautaro\source\repos\tiendacpp\tiendacpp\x64\debug\utils.new.obj.enc
c:\users\lautaro\source\repos\tiendacpp\tiendacpp\x64\debug\tiendacpp.tlog\cl.command.1.tlog
c:\users\lautaro\source\repos\tiendacpp\tiendacpp\x64\debug\tiendacpp.tlog\cl.read.1.tlog
c:\users\lautaro\source\repos\tiendacpp\tiendacpp\x64\debug\tiendacpp.tlog\cl.write.1.tlog
c:\users\lautaro\source\repos\tiendacpp\tiendacpp\x64\debug\tiendacpp.tlog\link.command.1.tlog
c:\users\lautaro\source\repos\tiendacpp\tiendacpp\x64\debug\tiendacpp.tlog\link.read.1.tlog
c:\users\lautaro\source\repos\tiendacpp\tiendacpp\x64\debug\tiendacpp.tlog\link.write.1.tlog
c:\users\lautaro\source\repos\tiendacpp\tiendacpp\x64\debug\tiendacpp.tlog\rc.command.1.tlog
c:\users\lautaro\source\repos\tiendacpp\tiendacpp\x64\debug\tiendacpp.tlog\rc.read.1.tlog
c:\users\lautaro\source\repos\tiendacpp\tiendacpp\x64\debug\tiendacpp.tlog\rc.write.1.tlog
