  Main.cpp
  MainWindowController.cpp
C:\Users\Lautaro\source\repos\TiendaCPP\TiendaCPP\MainWindowController.cpp(236,53): warning C4267: 'argumento': conversión de 'size_t' a 'int'; posible pérdida de datos
C:\Users\Lautaro\source\repos\TiendaCPP\TiendaCPP\MainWindowController.cpp(238,55): warning C4267: 'argumento': conversión de 'size_t' a 'int'; posible pérdida de datos
C:\Users\Lautaro\source\repos\TiendaCPP\TiendaCPP\MainWindowController.cpp(239,53): warning C4267: 'argumento': conversión de 'size_t' a 'int'; posible pérdida de datos
C:\Users\Lautaro\source\repos\TiendaCPP\TiendaCPP\MainWindowController.cpp(220,32): warning C4101: 'hFont2': variable local sin referencia
C:\Users\Lautaro\source\repos\TiendaCPP\TiendaCPP\MainWindowController.cpp(220,40): warning C4101: 'hFont3': variable local sin referencia
  QuoteWindowController.cpp
C:\Users\Lautaro\source\repos\TiendaCPP\TiendaCPP\QuoteWindowController.cpp(60,6): warning C4101: 'wmCode': variable local sin referencia
C:\Users\Lautaro\source\repos\TiendaCPP\TiendaCPP\QuoteWindowController.cpp(59,6): warning C4101: 'wmId': variable local sin referencia
C:\Users\Lautaro\source\repos\TiendaCPP\TiendaCPP\QuoteWindowController.cpp(83,6): warning C4101: 'a': variable local sin referencia
C:\Users\Lautaro\source\repos\TiendaCPP\TiendaCPP\QuoteWindowController.cpp(214,27): warning C4244: 'inicializando': conversión de 'int' a 'float'; posible pérdida de datos
C:\Users\Lautaro\source\repos\TiendaCPP\TiendaCPP\QuoteWindowController.cpp(310,9): warning C4101: 'stringInTheField': variable local sin referencia
C:\Program Files\Microsoft Visual Studio\2022\Community\VC\Tools\MSVC\14.34.31933\include\xstring(2857,53): warning C4244: 'argumento': conversión de 'wchar_t' a 'const _Elem'; posible pérdida de datos
          with
          [
              _Elem=char
          ]
C:\Program Files\Microsoft Visual Studio\2022\Community\VC\Tools\MSVC\14.34.31933\include\xstring(2718,1): message : Vea la referencia a la creación de una instancia de la función plantilla "void std::basic_string<char,std::char_traits<char>,std::allocator<char>>::_Construct_from_iter<wchar_t*,wchar_t*,_Size_type>(_Iter,const _Sent,_Size)" que se está compilando
          with
          [
              _Size_type=unsigned __int64,
              _Iter=wchar_t *,
              _Sent=wchar_t *,
              _Size=unsigned __int64
          ]
C:\Program Files\Microsoft Visual Studio\2022\Community\VC\Tools\MSVC\14.34.31933\include\xstring(2718,37): message : Vea la referencia a la creación de una instancia de la función plantilla "void std::basic_string<char,std::char_traits<char>,std::allocator<char>>::_Construct_from_iter<wchar_t*,wchar_t*,_Size_type>(_Iter,const _Sent,_Size)" que se está compilando
          with
          [
              _Size_type=unsigned __int64,
              _Iter=wchar_t *,
              _Sent=wchar_t *,
              _Size=unsigned __int64
          ]
C:\Users\Lautaro\source\repos\TiendaCPP\TiendaCPP\QuoteWindowController.cpp(383,13): message : Vea la referencia a la creación de una instancia de la función plantilla "std::basic_string<char,std::char_traits<char>,std::allocator<char>>::basic_string<std::_String_iterator<std::_String_val<std::_Simple_types<_Elem>>>,0>(_Iter,_Iter,const _Alloc &)" que se está compilando
          with
          [
              _Elem=wchar_t,
              _Iter=std::_String_iterator<std::_String_val<std::_Simple_types<wchar_t>>>,
              _Alloc=std::allocator<char>
          ]
C:\Users\Lautaro\source\repos\TiendaCPP\TiendaCPP\QuoteWindowController.cpp(383,17): message : Vea la referencia a la creación de una instancia de la función plantilla "std::basic_string<char,std::char_traits<char>,std::allocator<char>>::basic_string<std::_String_iterator<std::_String_val<std::_Simple_types<_Elem>>>,0>(_Iter,_Iter,const _Alloc &)" que se está compilando
          with
          [
              _Elem=wchar_t,
              _Iter=std::_String_iterator<std::_String_val<std::_Simple_types<wchar_t>>>,
              _Alloc=std::allocator<char>
          ]
  Generando código...
  TiendaCPP.vcxproj -> C:\Users\Lautaro\source\repos\TiendaCPP\x64\Debug\TiendaCPP.exe
